
=========================================
=== Mutation output for test_PY_001_bubble_sort.py ===
=========================================
============================= test session starts =============================
platform win32 -- Python 3.14.6, pytest-9.1.1, pluggy-1.6.0
pytest-mutagen-1.3 : Mutations enabled
rootdir: D:\FPT\SWT301\RBL\SWT301-SE1944-Group6
plugins: anyio-4.14.2, mutagen-1.3
collected 6 items

evaluation\python_fixture\tests\test_PY_001_bubble_sort.py ......        [100%]

=========================== mutation session starts ===========================

Not recognized :

----------------------------- Package evaluation ------------------------------

Not recognized :

Not recognized :

Module test_PY_001_bubble_sort.py:
MMMMMm	BUBBLE_SORT_MUT_1

=================================== Mutagen ===================================
[SUCCESS] test_PY_001_bubble_sort.py: All mutants made at least one test fail
[SUCCESS] test_PY_002_binary_search.py: All mutants made at least one test fail
[SUCCESS] test_PY_003_is_valid_email.py: All mutants made at least one test fail
[SUCCESS] test_PY_004_merge_intervals.py: All mutants made at least one test fail
[SUCCESS] test_PY_005_calculate_tax.py: All mutants made at least one test fail
[SUCCESS] test_PY_006_validate_password.py: All mutants made at least one test fail
[SUCCESS] test_PY_007_evaluate_rpn.py: All mutants made at least one test fail
[SUCCESS] test_PY_008_knapsack_01.py: All mutants made at least one test fail
[SUCCESS] test_PY_009_json_path_lookup.py: All mutants made at least one test fail
[SUCCESS] test_PY_010_run_length_encoding.py: All mutants made at least one test fail
[SUCCESS] test_PY_011_run_length_decoding.py: All mutants made at least one test fail
[SUCCESS] test_PY_012_check_sudoku_board.py: All mutants made at least one test fail
[SUCCESS] test_PY_013_roman_to_int.py: All mutants made at least one test fail
[SUCCESS] test_PY_014_int_to_roman.py: All mutants made at least one test fail
[SUCCESS] test_PY_015_longest_palindrome_substring.py: All mutants made at least one test fail
[SUCCESS] test_PY_016_parse_csv_line.py: All mutants made at least one test fail
[SUCCESS] test_PY_017_levenshtein_distance.py: All mutants made at least one test fail
[SUCCESS] test_PY_018_find_prime_factors.py: All mutants made at least one test fail
[SUCCESS] test_PY_019_luhn_check.py: All mutants made at least one test fail
[SUCCESS] test_PY_020_simple_html_tokenizer.py: All mutants made at least one test fail
[SUCCESS] test_PY_021_dijkstra.py: All mutants made at least one test fail
[SUCCESS] test_PY_022_parse_query_string.py: All mutants made at least one test fail
[SUCCESS] test_PY_023_date_difference.py: All mutants made at least one test fail
[SUCCESS] test_PY_024_is_valid_bst.py: All mutants made at least one test fail
[SUCCESS] test_PY_025_is_match.py: All mutants made at least one test fail
================ 6 passed, 5 mut_failed, 1 mut_passed in 0.19s ================

=========================================
=== Mutation output for test_PY_002_binary_search.py ===
=========================================
Skipping mutation run: base test suite has failures on unmutated code.

=========================================
=== Mutation output for test_PY_003_is_valid_email.py ===
=========================================
Skipping mutation run: base test suite has failures on unmutated code.

=========================================
=== Mutation output for test_PY_004_merge_intervals.py ===
=========================================
============================= test session starts =============================
platform win32 -- Python 3.14.6, pytest-9.1.1, pluggy-1.6.0
pytest-mutagen-1.3 : Mutations enabled
rootdir: D:\FPT\SWT301\RBL\SWT301-SE1944-Group6
plugins: anyio-4.14.2, mutagen-1.3
collected 1 item

evaluation\python_fixture\tests\test_PY_004_merge_intervals.py .         [100%]

=========================== mutation session starts ===========================

Not recognized :

----------------------------- Package evaluation ------------------------------

Not recognized :

Not recognized :

Module test_PY_004_merge_intervals.py:
M	MERGE_INTERVALS_MUT_1

=================================== Mutagen ===================================
[SUCCESS] test_PY_001_bubble_sort.py: All mutants made at least one test fail
[SUCCESS] test_PY_002_binary_search.py: All mutants made at least one test fail
[SUCCESS] test_PY_003_is_valid_email.py: All mutants made at least one test fail
[SUCCESS] test_PY_004_merge_intervals.py: All mutants made at least one test fail
[SUCCESS] test_PY_005_calculate_tax.py: All mutants made at least one test fail
[SUCCESS] test_PY_006_validate_password.py: All mutants made at least one test fail
[SUCCESS] test_PY_007_evaluate_rpn.py: All mutants made at least one test fail
[SUCCESS] test_PY_008_knapsack_01.py: All mutants made at least one test fail
[SUCCESS] test_PY_009_json_path_lookup.py: All mutants made at least one test fail
[SUCCESS] test_PY_010_run_length_encoding.py: All mutants made at least one test fail
[SUCCESS] test_PY_011_run_length_decoding.py: All mutants made at least one test fail
[SUCCESS] test_PY_012_check_sudoku_board.py: All mutants made at least one test fail
[SUCCESS] test_PY_013_roman_to_int.py: All mutants made at least one test fail
[SUCCESS] test_PY_014_int_to_roman.py: All mutants made at least one test fail
[SUCCESS] test_PY_015_longest_palindrome_substring.py: All mutants made at least one test fail
[SUCCESS] test_PY_016_parse_csv_line.py: All mutants made at least one test fail
[SUCCESS] test_PY_017_levenshtein_distance.py: All mutants made at least one test fail
[SUCCESS] test_PY_018_find_prime_factors.py: All mutants made at least one test fail
[SUCCESS] test_PY_019_luhn_check.py: All mutants made at least one test fail
[SUCCESS] test_PY_020_simple_html_tokenizer.py: All mutants made at least one test fail
[SUCCESS] test_PY_021_dijkstra.py: All mutants made at least one test fail
[SUCCESS] test_PY_022_parse_query_string.py: All mutants made at least one test fail
[SUCCESS] test_PY_023_date_difference.py: All mutants made at least one test fail
[SUCCESS] test_PY_024_is_valid_bst.py: All mutants made at least one test fail
[SUCCESS] test_PY_025_is_match.py: All mutants made at least one test fail
======================= 1 passed, 1 mut_failed in 0.17s =======================

=========================================
=== Mutation output for test_PY_005_calculate_tax.py ===
=========================================
============================= test session starts =============================
platform win32 -- Python 3.14.6, pytest-9.1.1, pluggy-1.6.0
pytest-mutagen-1.3 : Mutations enabled
rootdir: D:\FPT\SWT301\RBL\SWT301-SE1944-Group6
plugins: anyio-4.14.2, mutagen-1.3
collected 1 item

evaluation\python_fixture\tests\test_PY_005_calculate_tax.py .           [100%]

=========================== mutation session starts ===========================

Not recognized :

----------------------------- Package evaluation ------------------------------

Not recognized :

Not recognized :

Module test_PY_005_calculate_tax.py:
M	CALCULATE_TAX_MUT_1

=================================== Mutagen ===================================
[SUCCESS] test_PY_001_bubble_sort.py: All mutants made at least one test fail
[SUCCESS] test_PY_002_binary_search.py: All mutants made at least one test fail
[SUCCESS] test_PY_003_is_valid_email.py: All mutants made at least one test fail
[SUCCESS] test_PY_004_merge_intervals.py: All mutants made at least one test fail
[SUCCESS] test_PY_005_calculate_tax.py: All mutants made at least one test fail
[SUCCESS] test_PY_006_validate_password.py: All mutants made at least one test fail
[SUCCESS] test_PY_007_evaluate_rpn.py: All mutants made at least one test fail
[SUCCESS] test_PY_008_knapsack_01.py: All mutants made at least one test fail
[SUCCESS] test_PY_009_json_path_lookup.py: All mutants made at least one test fail
[SUCCESS] test_PY_010_run_length_encoding.py: All mutants made at least one test fail
[SUCCESS] test_PY_011_run_length_decoding.py: All mutants made at least one test fail
[SUCCESS] test_PY_012_check_sudoku_board.py: All mutants made at least one test fail
[SUCCESS] test_PY_013_roman_to_int.py: All mutants made at least one test fail
[SUCCESS] test_PY_014_int_to_roman.py: All mutants made at least one test fail
[SUCCESS] test_PY_015_longest_palindrome_substring.py: All mutants made at least one test fail
[SUCCESS] test_PY_016_parse_csv_line.py: All mutants made at least one test fail
[SUCCESS] test_PY_017_levenshtein_distance.py: All mutants made at least one test fail
[SUCCESS] test_PY_018_find_prime_factors.py: All mutants made at least one test fail
[SUCCESS] test_PY_019_luhn_check.py: All mutants made at least one test fail
[SUCCESS] test_PY_020_simple_html_tokenizer.py: All mutants made at least one test fail
[SUCCESS] test_PY_021_dijkstra.py: All mutants made at least one test fail
[SUCCESS] test_PY_022_parse_query_string.py: All mutants made at least one test fail
[SUCCESS] test_PY_023_date_difference.py: All mutants made at least one test fail
[SUCCESS] test_PY_024_is_valid_bst.py: All mutants made at least one test fail
[SUCCESS] test_PY_025_is_match.py: All mutants made at least one test fail
======================= 1 passed, 1 mut_failed in 0.17s =======================

=========================================
=== Mutation output for test_PY_006_validate_password.py ===
=========================================
Skipping mutation run: base test suite has failures on unmutated code.

=========================================
=== Mutation output for test_PY_007_evaluate_rpn.py ===
=========================================
Skipping mutation run: base test suite has failures on unmutated code.

=========================================
=== Mutation output for test_PY_008_knapsack_01.py ===
=========================================
Skipping mutation run: base test suite has failures on unmutated code.

=========================================
=== Mutation output for test_PY_009_json_path_lookup.py ===
=========================================
Skipping mutation run: base test suite has failures on unmutated code.

=========================================
=== Mutation output for test_PY_010_run_length_encoding.py ===
=========================================
Skipping mutation run: base test suite has failures on unmutated code.

=========================================
=== Mutation output for test_PY_011_run_length_decoding.py ===
=========================================
Skipping mutation run: base test suite has failures on unmutated code.

=========================================
=== Mutation output for test_PY_012_check_sudoku_board.py ===
=========================================
Skipping mutation run: base test suite has failures on unmutated code.

=========================================
=== Mutation output for test_PY_014_int_to_roman.py ===
=========================================
============================= test session starts =============================
platform win32 -- Python 3.14.6, pytest-9.1.1, pluggy-1.6.0
pytest-mutagen-1.3 : Mutations enabled
rootdir: D:\FPT\SWT301\RBL\SWT301-SE1944-Group6
plugins: anyio-4.14.2, mutagen-1.3
collected 1 item

evaluation\python_fixture\tests\test_PY_014_int_to_roman.py .            [100%]

=========================== mutation session starts ===========================

Not recognized :

----------------------------- Package evaluation ------------------------------

Not recognized :

Not recognized :

Module test_PY_014_int_to_roman.py:
M	INT_TO_ROMAN_MUT_1

=================================== Mutagen ===================================
[SUCCESS] test_PY_001_bubble_sort.py: All mutants made at least one test fail
[SUCCESS] test_PY_002_binary_search.py: All mutants made at least one test fail
[SUCCESS] test_PY_003_is_valid_email.py: All mutants made at least one test fail
[SUCCESS] test_PY_004_merge_intervals.py: All mutants made at least one test fail
[SUCCESS] test_PY_005_calculate_tax.py: All mutants made at least one test fail
[SUCCESS] test_PY_006_validate_password.py: All mutants made at least one test fail
[SUCCESS] test_PY_007_evaluate_rpn.py: All mutants made at least one test fail
[SUCCESS] test_PY_008_knapsack_01.py: All mutants made at least one test fail
[SUCCESS] test_PY_009_json_path_lookup.py: All mutants made at least one test fail
[SUCCESS] test_PY_010_run_length_encoding.py: All mutants made at least one test fail
[SUCCESS] test_PY_011_run_length_decoding.py: All mutants made at least one test fail
[SUCCESS] test_PY_012_check_sudoku_board.py: All mutants made at least one test fail
[SUCCESS] test_PY_013_roman_to_int.py: All mutants made at least one test fail
[SUCCESS] test_PY_014_int_to_roman.py: All mutants made at least one test fail
[SUCCESS] test_PY_015_longest_palindrome_substring.py: All mutants made at least one test fail
[SUCCESS] test_PY_016_parse_csv_line.py: All mutants made at least one test fail
[SUCCESS] test_PY_017_levenshtein_distance.py: All mutants made at least one test fail
[SUCCESS] test_PY_018_find_prime_factors.py: All mutants made at least one test fail
[SUCCESS] test_PY_019_luhn_check.py: All mutants made at least one test fail
[SUCCESS] test_PY_020_simple_html_tokenizer.py: All mutants made at least one test fail
[SUCCESS] test_PY_021_dijkstra.py: All mutants made at least one test fail
[SUCCESS] test_PY_022_parse_query_string.py: All mutants made at least one test fail
[SUCCESS] test_PY_023_date_difference.py: All mutants made at least one test fail
[SUCCESS] test_PY_024_is_valid_bst.py: All mutants made at least one test fail
[SUCCESS] test_PY_025_is_match.py: All mutants made at least one test fail
======================= 1 passed, 1 mut_failed in 0.17s =======================

=========================================
=== Mutation output for test_PY_015_longest_palindrome_substring.py ===
=========================================
Skipping mutation run: base test suite has failures on unmutated code.

=========================================
=== Mutation output for test_PY_016_parse_csv_line.py ===
=========================================
============================= test session starts =============================
platform win32 -- Python 3.14.6, pytest-9.1.1, pluggy-1.6.0
pytest-mutagen-1.3 : Mutations enabled
rootdir: D:\FPT\SWT301\RBL\SWT301-SE1944-Group6
plugins: anyio-4.14.2, mutagen-1.3
collected 1 item

evaluation\python_fixture\tests\test_PY_016_parse_csv_line.py .          [100%]

=========================== mutation session starts ===========================

Not recognized :

----------------------------- Package evaluation ------------------------------

Not recognized :

Not recognized :

Module test_PY_016_parse_csv_line.py:
M	PARSE_CSV_LINE_MUT_1

=================================== Mutagen ===================================
[SUCCESS] test_PY_001_bubble_sort.py: All mutants made at least one test fail
[SUCCESS] test_PY_002_binary_search.py: All mutants made at least one test fail
[SUCCESS] test_PY_003_is_valid_email.py: All mutants made at least one test fail
[SUCCESS] test_PY_004_merge_intervals.py: All mutants made at least one test fail
[SUCCESS] test_PY_005_calculate_tax.py: All mutants made at least one test fail
[SUCCESS] test_PY_006_validate_password.py: All mutants made at least one test fail
[SUCCESS] test_PY_007_evaluate_rpn.py: All mutants made at least one test fail
[SUCCESS] test_PY_008_knapsack_01.py: All mutants made at least one test fail
[SUCCESS] test_PY_009_json_path_lookup.py: All mutants made at least one test fail
[SUCCESS] test_PY_010_run_length_encoding.py: All mutants made at least one test fail
[SUCCESS] test_PY_011_run_length_decoding.py: All mutants made at least one test fail
[SUCCESS] test_PY_012_check_sudoku_board.py: All mutants made at least one test fail
[SUCCESS] test_PY_013_roman_to_int.py: All mutants made at least one test fail
[SUCCESS] test_PY_014_int_to_roman.py: All mutants made at least one test fail
[SUCCESS] test_PY_015_longest_palindrome_substring.py: All mutants made at least one test fail
[SUCCESS] test_PY_016_parse_csv_line.py: All mutants made at least one test fail
[SUCCESS] test_PY_017_levenshtein_distance.py: All mutants made at least one test fail
[SUCCESS] test_PY_018_find_prime_factors.py: All mutants made at least one test fail
[SUCCESS] test_PY_019_luhn_check.py: All mutants made at least one test fail
[SUCCESS] test_PY_020_simple_html_tokenizer.py: All mutants made at least one test fail
[SUCCESS] test_PY_021_dijkstra.py: All mutants made at least one test fail
[SUCCESS] test_PY_022_parse_query_string.py: All mutants made at least one test fail
[SUCCESS] test_PY_023_date_difference.py: All mutants made at least one test fail
[SUCCESS] test_PY_024_is_valid_bst.py: All mutants made at least one test fail
[SUCCESS] test_PY_025_is_match.py: All mutants made at least one test fail
======================= 1 passed, 1 mut_failed in 0.18s =======================

=========================================
=== Mutation output for test_PY_017_levenshtein_distance.py ===
=========================================
Skipping mutation run: base test suite has failures on unmutated code.

=========================================
=== Mutation output for test_PY_018_find_prime_factors.py ===
=========================================
============================= test session starts =============================
platform win32 -- Python 3.14.6, pytest-9.1.1, pluggy-1.6.0
pytest-mutagen-1.3 : Mutations enabled
rootdir: D:\FPT\SWT301\RBL\SWT301-SE1944-Group6
plugins: anyio-4.14.2, mutagen-1.3
collected 1 item

evaluation\python_fixture\tests\test_PY_018_find_prime_factors.py .      [100%]

=========================== mutation session starts ===========================

Not recognized :

----------------------------- Package evaluation ------------------------------

Not recognized :

Not recognized :

Module test_PY_018_find_prime_factors.py:
m	FIND_PRIME_FACTORS_MUT_1	/!\ ALL TESTS PASSED

=================================== Mutagen ===================================
[SUCCESS] test_PY_001_bubble_sort.py: All mutants made at least one test fail
[SUCCESS] test_PY_002_binary_search.py: All mutants made at least one test fail
[SUCCESS] test_PY_003_is_valid_email.py: All mutants made at least one test fail
[SUCCESS] test_PY_004_merge_intervals.py: All mutants made at least one test fail
[SUCCESS] test_PY_005_calculate_tax.py: All mutants made at least one test fail
[SUCCESS] test_PY_006_validate_password.py: All mutants made at least one test fail
[SUCCESS] test_PY_007_evaluate_rpn.py: All mutants made at least one test fail
[SUCCESS] test_PY_008_knapsack_01.py: All mutants made at least one test fail
[SUCCESS] test_PY_009_json_path_lookup.py: All mutants made at least one test fail
[SUCCESS] test_PY_010_run_length_encoding.py: All mutants made at least one test fail
[SUCCESS] test_PY_011_run_length_decoding.py: All mutants made at least one test fail
[SUCCESS] test_PY_012_check_sudoku_board.py: All mutants made at least one test fail
[SUCCESS] test_PY_013_roman_to_int.py: All mutants made at least one test fail
[SUCCESS] test_PY_014_int_to_roman.py: All mutants made at least one test fail
[SUCCESS] test_PY_015_longest_palindrome_substring.py: All mutants made at least one test fail
[SUCCESS] test_PY_016_parse_csv_line.py: All mutants made at least one test fail
[SUCCESS] test_PY_017_levenshtein_distance.py: All mutants made at least one test fail
[ERROR]   test_PY_018_find_prime_factors.py: The following mutants passed all tests: ['FIND_PRIME_FACTORS_MUT_1']
[SUCCESS] test_PY_019_luhn_check.py: All mutants made at least one test fail
[SUCCESS] test_PY_020_simple_html_tokenizer.py: All mutants made at least one test fail
[SUCCESS] test_PY_021_dijkstra.py: All mutants made at least one test fail
[SUCCESS] test_PY_022_parse_query_string.py: All mutants made at least one test fail
[SUCCESS] test_PY_023_date_difference.py: All mutants made at least one test fail
[SUCCESS] test_PY_024_is_valid_bst.py: All mutants made at least one test fail
[SUCCESS] test_PY_025_is_match.py: All mutants made at least one test fail
======================= 1 passed, 1 mut_passed in 0.16s =======================

=========================================
=== Mutation output for test_PY_019_luhn_check.py ===
=========================================
Skipping mutation run: base test suite has failures on unmutated code.

=========================================
=== Mutation output for test_PY_021_dijkstra.py ===
=========================================
Skipping mutation run: base test suite has failures on unmutated code.

=========================================
=== Mutation output for test_PY_022_parse_query_string.py ===
=========================================
Skipping mutation run: base test suite has failures on unmutated code.

=========================================
=== Mutation output for test_PY_023_date_difference.py ===
=========================================
Skipping mutation run: base test suite has failures on unmutated code.

=========================================
=== Mutation output for test_PY_024_is_valid_bst.py ===
=========================================
Skipping mutation run: base test suite has failures on unmutated code.
